<?xml version="1.0" encoding="UTF-8"?>
<!-- Generated by org.testng.reporters.JUnitReportReporter -->
<testsuite hostname="Piltu" failures="0" tests="1" name="csTechAssignment2.Assignment2" time="19.596" errors="0" timestamp="2024-09-01T09:48:51 IST" skipped="0">
  <testcase classname="csTechAssignment2.Assignment2" name="assignment2" time="19.596"/>
  <system-out/>
</testsuite> <!-- csTechAssignment2.Assignment2 -->
