<?xml version="1.0" encoding="UTF-8"?>
<!-- Generated by org.testng.reporters.JUnitReportReporter -->
<testsuite hostname="Piltu" failures="0" tests="1" name="csTech.Assignment.Assignment1" time="27.764" errors="0" timestamp="2024-09-01T09:47:53 IST" skipped="0">
  <testcase classname="csTech.Assignment.Assignment1" name="assignment1" time="27.764"/>
  <system-out/>
</testsuite> <!-- csTech.Assignment.Assignment1 -->
